<?xml version="1.0" encoding="UTF-8"?>
<!-- Generated by org.testng.reporters.JUnitReportReporter -->
<testsuite hostname="HKPs" failures="0" tests="1" name="tek.api.sqa.tests.InvalidTokenTest" time="1.866" errors="0" timestamp="2023-05-30T17:22:23 EDT" skipped="0">
  <testcase classname="tek.api.sqa.tests.InvalidTokenTest" name="verifyInvalidToken" time="1.866"/>
  <system-out/>
</testsuite> <!-- tek.api.sqa.tests.InvalidTokenTest -->
