<?xml version="1.0" encoding="UTF-8"?>
<!-- Generated by org.testng.reporters.JUnitReportReporter -->
<testsuite hostname="HKPs" failures="0" tests="1" name="tek.api.sqa.tests.CreateAccountTest" time="3.552" errors="0" timestamp="2023-05-30T20:32:53 EDT" skipped="0">
  <testcase classname="tek.api.sqa.tests.CreateAccountTest" name="createAccountValidTest" time="3.552"/>
  <system-out/>
</testsuite> <!-- tek.api.sqa.tests.CreateAccountTest -->
