<?xml version="1.0" encoding="UTF-8"?>
<!-- Generated by org.testng.reporters.JUnitReportReporter -->
<testsuite hostname="HKPs" failures="0" tests="1" name="tek.api.sqa.tests.HomeWorkAPITest" time="4.228" errors="0" timestamp="2023-06-01T17:59:48 EDT" skipped="0">
  <testcase classname="tek.api.sqa.tests.HomeWorkAPITest" name="createAccountTestWithDBValidation" time="4.228"/>
  <system-out/>
</testsuite> <!-- tek.api.sqa.tests.HomeWorkAPITest -->
