<?xml version="1.0" encoding="UTF-8"?>
<!-- Generated by org.testng.reporters.JUnitReportReporter -->
<testsuite hostname="HKPs" failures="0" tests="1" name="tek.api.sqa.tests.TokenVerifyTest" time="0.831" errors="0" timestamp="2023-05-29T03:03:05 EDT" skipped="0">
  <testcase classname="tek.api.sqa.tests.TokenVerifyTest" name="verifyValidToken" time="0.831"/>
  <system-out/>
</testsuite> <!-- tek.api.sqa.tests.TokenVerifyTest -->
