<?xml version="1.0" encoding="UTF-8"?>
<!-- Generated by org.testng.reporters.JUnitReportReporter -->
<testsuite hostname="HKPs" failures="0" tests="3" name="tek.api.sqa.tests.SecurityTest" time="1.326" errors="0" timestamp="2023-05-29T03:03:05 EDT" skipped="0">
  <testcase classname="tek.api.sqa.tests.SecurityTest" name="testGenerateToken" time="0.512"/>
  <system-out/>
  <testcase classname="tek.api.sqa.tests.SecurityTest" name="tokenWithInvalidDataTest" time="0.454"/>
  <system-out/>
  <testcase classname="tek.api.sqa.tests.SecurityTest" name="tokenWithInvalidDataTest" time="0.360"/>
  <system-out/>
</testsuite> <!-- tek.api.sqa.tests.SecurityTest -->
